{"uid":"a1fda0779118ca4b","name":"Test Case 2: Login with valid credentials","fullName":"tests.test_auth#test_login_valid","historyId":"5024ab45edc8d37f17388bbaa4378baf","time":{"start":1752404424931,"stop":1752404434898,"duration":9967},"status":"failed","statusMessage":"AssertionError: Locator expected to be visible\nActual value: <element(s) not found> \nCall log:\n  - Expect \"to_be_visible\" with timeout 5000ms\n  - waiting for locator(\"//a[contains(text(),'Logged in as correct')]\")","statusTrace":"browser = <Page url='https://automationexercise.com/login'>\n\n    @allure.title(\"Test Case 2: Login with valid credentials\")\n    def test_login_valid(browser):\n        home = HomePage(browser)\n        login = LoginPage(browser)\n    \n        home.go_to()\n        home.verify_home_visible()\n        home.click_signup_login()\n        login.verify_login_visible()\n    \n        login.enter_credentials(\"correct@email.com\", \"password123\")\n        login.click_login()\n>       login.verify_logged_in(\"correct\")\n\ntests\\test_auth.py:18: \n_ _ _ _ _ _ _ _ _ _ _ _ _ _ _ _ _ _ _ _ _ _ _ _ _ _ _ _ _ _ _ _ _ _ _ _ _ _ _ _ _ _ _ _ _ _ _ _ _ _ _ _ _ _ _ _ _ _ _ _ _ _ _ _ _ _ _ _ _ _ _ _ _ _ _ _ _ _ _ _ _ _ _ _ _\n\nself = <pages.login_page.LoginPage object at 0x000001EAEEF392B0>, username = 'correct'\n\n    @allure.step(\"Перевірити, що користувач увійшов\")\n    def verify_logged_in(self, username):\n>       expect(self.page.locator(f\"//a[contains(text(),'Logged in as {username}')]\")).to_be_visible()\nE       AssertionError: Locator expected to be visible\nE       Actual value: <element(s) not found> \nE       Call log:\nE         - Expect \"to_be_visible\" with timeout 5000ms\nE         - waiting for locator(\"//a[contains(text(),'Logged in as correct')]\")\n\npages\\login_page.py:23: AssertionError","flaky":false,"newFailed":false,"newBroken":false,"newPassed":false,"retriesCount":1,"retriesStatusChange":false,"beforeStages":[{"name":"_verify_url","time":{"start":1752404420272,"stop":1752404420274,"duration":2},"status":"passed","steps":[],"attachments":[],"parameters":[],"shouldDisplayMessage":false,"stepsCount":0,"attachmentsCount":0,"hasContent":false,"attachmentStep":false},{"name":"base_url","time":{"start":1752404420272,"stop":1752404420272,"duration":0},"status":"passed","steps":[],"attachments":[],"parameters":[],"shouldDisplayMessage":false,"stepsCount":0,"attachmentsCount":0,"hasContent":false,"attachmentStep":false},{"name":"playwright_instance","time":{"start":1752404420274,"stop":1752404423612,"duration":3338},"status":"passed","steps":[],"attachments":[],"parameters":[],"shouldDisplayMessage":false,"stepsCount":0,"attachmentsCount":0,"hasContent":false,"attachmentStep":false},{"name":"delete_output_dir","time":{"start":1752404420274,"stop":1752404420274,"duration":0},"status":"passed","steps":[],"attachments":[],"parameters":[],"shouldDisplayMessage":false,"stepsCount":0,"attachmentsCount":0,"hasContent":false,"attachmentStep":false},{"name":"pytestconfig","time":{"start":1752404420274,"stop":1752404420274,"duration":0},"status":"passed","steps":[],"attachments":[],"parameters":[],"shouldDisplayMessage":false,"stepsCount":0,"attachmentsCount":0,"hasContent":false,"attachmentStep":false},{"name":"browser","time":{"start":1752404423613,"stop":1752404424927,"duration":1314},"status":"passed","steps":[],"attachments":[],"parameters":[],"shouldDisplayMessage":false,"stepsCount":0,"attachmentsCount":0,"hasContent":false,"attachmentStep":false}],"testStage":{"status":"failed","statusMessage":"AssertionError: Locator expected to be visible\nActual value: <element(s) not found> \nCall log:\n  - Expect \"to_be_visible\" with timeout 5000ms\n  - waiting for locator(\"//a[contains(text(),'Logged in as correct')]\")","statusTrace":"browser = <Page url='https://automationexercise.com/login'>\n\n    @allure.title(\"Test Case 2: Login with valid credentials\")\n    def test_login_valid(browser):\n        home = HomePage(browser)\n        login = LoginPage(browser)\n    \n        home.go_to()\n        home.verify_home_visible()\n        home.click_signup_login()\n        login.verify_login_visible()\n    \n        login.enter_credentials(\"correct@email.com\", \"password123\")\n        login.click_login()\n>       login.verify_logged_in(\"correct\")\n\ntests\\test_auth.py:18: \n_ _ _ _ _ _ _ _ _ _ _ _ _ _ _ _ _ _ _ _ _ _ _ _ _ _ _ _ _ _ _ _ _ _ _ _ _ _ _ _ _ _ _ _ _ _ _ _ _ _ _ _ _ _ _ _ _ _ _ _ _ _ _ _ _ _ _ _ _ _ _ _ _ _ _ _ _ _ _ _ _ _ _ _ _\n\nself = <pages.login_page.LoginPage object at 0x000001EAEEF392B0>, username = 'correct'\n\n    @allure.step(\"Перевірити, що користувач увійшов\")\n    def verify_logged_in(self, username):\n>       expect(self.page.locator(f\"//a[contains(text(),'Logged in as {username}')]\")).to_be_visible()\nE       AssertionError: Locator expected to be visible\nE       Actual value: <element(s) not found> \nE       Call log:\nE         - Expect \"to_be_visible\" with timeout 5000ms\nE         - waiting for locator(\"//a[contains(text(),'Logged in as correct')]\")\n\npages\\login_page.py:23: AssertionError","steps":[{"name":"Перейти на головну сторінку","time":{"start":1752404424931,"stop":1752404428377,"duration":3446},"status":"passed","steps":[],"attachments":[],"parameters":[],"shouldDisplayMessage":false,"stepsCount":0,"attachmentsCount":0,"hasContent":false,"attachmentStep":false},{"name":"Перевірити, що головна сторінка завантажена","time":{"start":1752404428377,"stop":1752404428652,"duration":275},"status":"passed","steps":[],"attachments":[],"parameters":[],"shouldDisplayMessage":false,"stepsCount":0,"attachmentsCount":0,"hasContent":false,"attachmentStep":false},{"name":"Натиснути 'Signup / Login'","time":{"start":1752404428653,"stop":1752404429224,"duration":571},"status":"passed","steps":[],"attachments":[],"parameters":[],"shouldDisplayMessage":false,"stepsCount":0,"attachmentsCount":0,"hasContent":false,"attachmentStep":false},{"name":"Перевірити, що форма логіну відображена","time":{"start":1752404429225,"stop":1752404429363,"duration":138},"status":"passed","steps":[],"attachments":[],"parameters":[],"shouldDisplayMessage":false,"stepsCount":0,"attachmentsCount":0,"hasContent":false,"attachmentStep":false},{"name":"Ввести email та пароль: 'correct@email.com' / 'password123'","time":{"start":1752404429363,"stop":1752404429428,"duration":65},"status":"passed","steps":[],"attachments":[],"parameters":[{"name":"email","value":"'correct@email.com'"},{"name":"password","value":"'password123'"}],"shouldDisplayMessage":false,"stepsCount":0,"attachmentsCount":0,"hasContent":true,"attachmentStep":false},{"name":"Натиснути кнопку 'Login'","time":{"start":1752404429428,"stop":1752404429842,"duration":414},"status":"passed","steps":[],"attachments":[],"parameters":[],"shouldDisplayMessage":false,"stepsCount":0,"attachmentsCount":0,"hasContent":false,"attachmentStep":false},{"name":"Перевірити, що користувач увійшов","time":{"start":1752404429842,"stop":1752404434891,"duration":5049},"status":"failed","statusMessage":"AssertionError: Locator expected to be visible\nActual value: <element(s) not found> \nCall log:\n  - Expect \"to_be_visible\" with timeout 5000ms\n  - waiting for locator(\"//a[contains(text(),'Logged in as correct')]\")\n\n","statusTrace":"  File \"C:\\Users\\Hp\\AppData\\Local\\Programs\\Python\\Python313\\Lib\\site-packages\\allure_commons\\_allure.py\", line 202, in impl\n    return func(*a, **kw)\n  File \"F:\\QA_Engineer\\TS_Intership\\Playwright_pytest\\pages\\login_page.py\", line 23, in verify_logged_in\n    expect(self.page.locator(f\"//a[contains(text(),'Logged in as {username}')]\")).to_be_visible()\n    ~~~~~~~~~~~~~~~~~~~~~~~~~~~~~~~~~~~~~~~~~~~~~~~~~~~~~~~~~~~~~~~~~~~~~~~~~~~~~~~~~~~~~~~~~~~^^\n  File \"C:\\Users\\Hp\\AppData\\Local\\Programs\\Python\\Python313\\Lib\\site-packages\\playwright\\sync_api\\_generated.py\", line 20382, in to_be_visible\n    self._sync(self._impl_obj.to_be_visible(visible=visible, timeout=timeout))\n    ~~~~~~~~~~^^^^^^^^^^^^^^^^^^^^^^^^^^^^^^^^^^^^^^^^^^^^^^^^^^^^^^^^^^^^^^^^\n  File \"C:\\Users\\Hp\\AppData\\Local\\Programs\\Python\\Python313\\Lib\\site-packages\\playwright\\_impl\\_sync_base.py\", line 115, in _sync\n    return task.result()\n           ~~~~~~~~~~~^^\n  File \"C:\\Users\\Hp\\AppData\\Local\\Programs\\Python\\Python313\\Lib\\site-packages\\playwright\\_impl\\_assertions.py\", line 741, in to_be_visible\n    await self._expect_impl(\n    ...<5 lines>...\n    )\n  File \"C:\\Users\\Hp\\AppData\\Local\\Programs\\Python\\Python313\\Lib\\site-packages\\playwright\\_impl\\_assertions.py\", line 75, in _expect_impl\n    raise AssertionError(\n        f\"{out_message}\\nActual value: {actual} {format_call_log(result.get('log'))}\"\n    )\n","steps":[],"attachments":[],"parameters":[{"name":"username","value":"'correct'"}],"shouldDisplayMessage":true,"stepsCount":0,"attachmentsCount":0,"hasContent":true,"attachmentStep":false}],"attachments":[],"parameters":[],"shouldDisplayMessage":true,"stepsCount":7,"attachmentsCount":0,"hasContent":true,"attachmentStep":false},"afterStages":[{"name":"browser::0","time":{"start":1752404434918,"stop":1752404435109,"duration":191},"status":"passed","steps":[],"attachments":[],"parameters":[],"shouldDisplayMessage":false,"stepsCount":0,"attachmentsCount":0,"hasContent":false,"attachmentStep":false},{"name":"playwright_instance::0","time":{"start":1752404441687,"stop":1752404441736,"duration":49},"status":"passed","steps":[],"attachments":[],"parameters":[],"shouldDisplayMessage":false,"stepsCount":0,"attachmentsCount":0,"hasContent":false,"attachmentStep":false}],"labels":[{"name":"parentSuite","value":"tests"},{"name":"suite","value":"test_auth"},{"name":"host","value":"DESKTOP-BTCJ9P6"},{"name":"thread","value":"16584-MainThread"},{"name":"framework","value":"pytest"},{"name":"language","value":"cpython3"},{"name":"package","value":"tests.test_auth"},{"name":"resultFormat","value":"allure2"}],"parameters":[],"links":[],"hidden":false,"retry":false,"extra":{"severity":"normal","retries":[{"uid":"b073a892df1639ae","status":"failed","statusDetails":"AssertionError: Locator expected to be visible\nActual value: <element(s) not found> \nCall log:\n  - Expect \"to_be_visible\" with timeout 5000ms\n  - waiting for locator(\"div.slider\")","time":{"start":1752404075237,"stop":1752404085888,"duration":10651}}],"categories":[{"name":"Product defects","matchedStatuses":[]}],"tags":[]},"source":"a1fda0779118ca4b.json","parameterValues":[]}