{"uid":"b51761561954fd09","name":"test_place_order_after_registration","fullName":"tests.test_checkout_flow#test_place_order_after_registration","historyId":"76abe5dd8e0794c1703851b9d2bb7e06","time":{"start":1752419410927,"stop":1752419430141,"duration":19214},"status":"failed","statusMessage":"AssertionError: assert False\n +  where False = is_visible()\n +    where is_visible = <Locator frame=<Frame name= url='https://automationexercise.com/payment_done/500'> selector='internal:text=\"Your order has been placed successfully!\"i'>.is_visible\n +      where <Locator frame=<Frame name= url='https://automationexercise.com/payment_done/500'> selector='internal:text=\"Your order has been placed successfully!\"i'> = get_by_text('Your order has been placed successfully!')\n +        where get_by_text = <Page url='https://automationexercise.com/payment_done/500'>.get_by_text","statusTrace":"page = <Page url='https://automationexercise.com/payment_done/500'>\nensure_registered_user = None\ntest_user = {'email': 'tymur_25eea4@example.com', 'name': 'TymurTest', 'password': 'TestPass123'}\n\n    def test_place_order_after_registration(page, ensure_registered_user, test_user):\n        add_product_to_cart(page)\n        page.click(\"text=Cart\")\n        proceed_to_checkout(page)\n>       place_order(page)\n\ntests\\test_checkout_flow.py:74: \n_ _ _ _ _ _ _ _ _ _ _ _ _ _ _ _ _ _ _ _ _ _ _ _ _ _ _ _ _ _ _ _ _ _ _ _ _ _ _ _\n\npage = <Page url='https://automationexercise.com/payment_done/500'>\n\n    @allure.step(\"Place order with payment\")\n    def place_order(page):\n        page.fill(\"textarea[name='message']\", \"Automated order by Tymur.\")\n        page.click(\"text=Place Order\")\n        page.fill(\"input[name='name_on_card']\", \"Tymur TestCard\")\n        page.fill(\"input[name='card_number']\", \"4111111111111111\")\n        page.fill(\"input[name='cvc']\", \"123\")\n        page.fill(\"input[name='expiry_month']\", \"12\")\n        page.fill(\"input[name='expiry_year']\", \"2026\")\n        page.click(\"text=Pay and Confirm Order\")\n>       assert page.get_by_text(\"Your order has been placed successfully!\").is_visible()\nE       assert False\nE        +  where False = is_visible()\nE        +    where is_visible = <Locator frame=<Frame name= url='https://automationexercise.com/payment_done/500'> selector='internal:text=\"Your order has been placed successfully!\"i'>.is_visible\nE        +      where <Locator frame=<Frame name= url='https://automationexercise.com/payment_done/500'> selector='internal:text=\"Your order has been placed successfully!\"i'> = get_by_text('Your order has been placed successfully!')\nE        +        where get_by_text = <Page url='https://automationexercise.com/payment_done/500'>.get_by_text\n\ntests\\test_checkout_flow.py:28: AssertionError","flaky":false,"newFailed":false,"newBroken":false,"newPassed":false,"retriesCount":0,"retriesStatusChange":false,"beforeStages":[{"name":"_verify_url","time":{"start":1752419275557,"stop":1752419275557,"duration":0},"status":"passed","steps":[],"attachments":[],"parameters":[],"shouldDisplayMessage":false,"stepsCount":0,"attachmentsCount":0,"hasContent":false,"attachmentStep":false},{"name":"base_url","time":{"start":1752419275557,"stop":1752419275557,"duration":0},"status":"passed","steps":[],"attachments":[],"parameters":[],"shouldDisplayMessage":false,"stepsCount":0,"attachmentsCount":0,"hasContent":false,"attachmentStep":false},{"name":"delete_output_dir","time":{"start":1752419275558,"stop":1752419275558,"duration":0},"status":"passed","steps":[],"attachments":[],"parameters":[],"shouldDisplayMessage":false,"stepsCount":0,"attachmentsCount":0,"hasContent":false,"attachmentStep":false},{"name":"pytestconfig","time":{"start":1752419275558,"stop":1752419275558,"duration":0},"status":"passed","steps":[],"attachments":[],"parameters":[],"shouldDisplayMessage":false,"stepsCount":0,"attachmentsCount":0,"hasContent":false,"attachmentStep":false},{"name":"browser_type","time":{"start":1752419275558,"stop":1752419275558,"duration":0},"status":"passed","steps":[],"attachments":[],"parameters":[],"shouldDisplayMessage":false,"stepsCount":0,"attachmentsCount":0,"hasContent":false,"attachmentStep":false},{"name":"test_user","time":{"start":1752419376391,"stop":1752419376392,"duration":1},"status":"passed","steps":[],"attachments":[],"parameters":[],"shouldDisplayMessage":false,"stepsCount":0,"attachmentsCount":0,"hasContent":false,"attachmentStep":false},{"name":"page","time":{"start":1752419376392,"stop":1752419385803,"duration":9411},"status":"passed","steps":[],"attachments":[],"parameters":[],"shouldDisplayMessage":false,"stepsCount":0,"attachmentsCount":0,"hasContent":false,"attachmentStep":false},{"name":"ensure_registered_user","time":{"start":1752419385804,"stop":1752419410924,"duration":25120},"status":"passed","steps":[],"attachments":[],"parameters":[],"shouldDisplayMessage":false,"stepsCount":0,"attachmentsCount":0,"hasContent":false,"attachmentStep":false}],"testStage":{"status":"failed","statusMessage":"AssertionError: assert False\n +  where False = is_visible()\n +    where is_visible = <Locator frame=<Frame name= url='https://automationexercise.com/payment_done/500'> selector='internal:text=\"Your order has been placed successfully!\"i'>.is_visible\n +      where <Locator frame=<Frame name= url='https://automationexercise.com/payment_done/500'> selector='internal:text=\"Your order has been placed successfully!\"i'> = get_by_text('Your order has been placed successfully!')\n +        where get_by_text = <Page url='https://automationexercise.com/payment_done/500'>.get_by_text","statusTrace":"page = <Page url='https://automationexercise.com/payment_done/500'>\nensure_registered_user = None\ntest_user = {'email': 'tymur_25eea4@example.com', 'name': 'TymurTest', 'password': 'TestPass123'}\n\n    def test_place_order_after_registration(page, ensure_registered_user, test_user):\n        add_product_to_cart(page)\n        page.click(\"text=Cart\")\n        proceed_to_checkout(page)\n>       place_order(page)\n\ntests\\test_checkout_flow.py:74: \n_ _ _ _ _ _ _ _ _ _ _ _ _ _ _ _ _ _ _ _ _ _ _ _ _ _ _ _ _ _ _ _ _ _ _ _ _ _ _ _\n\npage = <Page url='https://automationexercise.com/payment_done/500'>\n\n    @allure.step(\"Place order with payment\")\n    def place_order(page):\n        page.fill(\"textarea[name='message']\", \"Automated order by Tymur.\")\n        page.click(\"text=Place Order\")\n        page.fill(\"input[name='name_on_card']\", \"Tymur TestCard\")\n        page.fill(\"input[name='card_number']\", \"4111111111111111\")\n        page.fill(\"input[name='cvc']\", \"123\")\n        page.fill(\"input[name='expiry_month']\", \"12\")\n        page.fill(\"input[name='expiry_year']\", \"2026\")\n        page.click(\"text=Pay and Confirm Order\")\n>       assert page.get_by_text(\"Your order has been placed successfully!\").is_visible()\nE       assert False\nE        +  where False = is_visible()\nE        +    where is_visible = <Locator frame=<Frame name= url='https://automationexercise.com/payment_done/500'> selector='internal:text=\"Your order has been placed successfully!\"i'>.is_visible\nE        +      where <Locator frame=<Frame name= url='https://automationexercise.com/payment_done/500'> selector='internal:text=\"Your order has been placed successfully!\"i'> = get_by_text('Your order has been placed successfully!')\nE        +        where get_by_text = <Page url='https://automationexercise.com/payment_done/500'>.get_by_text\n\ntests\\test_checkout_flow.py:28: AssertionError","steps":[{"name":"Add product to cart","time":{"start":1752419410928,"stop":1752419423286,"duration":12358},"status":"passed","steps":[],"attachments":[],"parameters":[{"name":"page","value":"<Page url='https://automationexercise.com/'>"}],"shouldDisplayMessage":false,"stepsCount":0,"attachmentsCount":0,"hasContent":true,"attachmentStep":false},{"name":"Proceed to Checkout","time":{"start":1752419423918,"stop":1752419425311,"duration":1393},"status":"passed","steps":[],"attachments":[],"parameters":[{"name":"page","value":"<Page url='https://automationexercise.com/view_cart'>"}],"shouldDisplayMessage":false,"stepsCount":0,"attachmentsCount":0,"hasContent":true,"attachmentStep":false},{"name":"Place order with payment","time":{"start":1752419425311,"stop":1752419430138,"duration":4827},"status":"failed","statusMessage":"AssertionError: assert False\n +  where False = is_visible()\n +    where is_visible = <Locator frame=<Frame name= url='https://automationexercise.com/payment_done/500'> selector='internal:text=\"Your order has been placed successfully!\"i'>.is_visible\n +      where <Locator frame=<Frame name= url='https://automationexercise.com/payment_done/500'> selector='internal:text=\"Your order has been placed successfully!\"i'> = get_by_text('Your order has been placed successfully!')\n +        where get_by_text = <Page url='https://automationexercise.com/payment_done/500'>.get_by_text\n","statusTrace":"  File \"C:\\Users\\Hp\\AppData\\Local\\Programs\\Python\\Python313\\Lib\\site-packages\\allure_commons\\_allure.py\", line 202, in impl\n    return func(*a, **kw)\n  File \"F:\\QA_Engineer\\TS_Intership\\Playwright_pytest\\tests\\test_checkout_flow.py\", line 28, in place_order\n    assert page.get_by_text(\"Your order has been placed successfully!\").is_visible()\n","steps":[],"attachments":[],"parameters":[{"name":"page","value":"<Page url='https://automationexercise.com/checkout'>"}],"shouldDisplayMessage":true,"stepsCount":0,"attachmentsCount":0,"hasContent":true,"attachmentStep":false}],"attachments":[],"parameters":[],"shouldDisplayMessage":true,"stepsCount":3,"attachmentsCount":0,"hasContent":true,"attachmentStep":false},"afterStages":[{"name":"page::0","time":{"start":1752419430182,"stop":1752419463046,"duration":32864},"status":"broken","statusMessage":"KeyboardInterrupt\n","statusTrace":"  File \"C:\\Users\\Hp\\AppData\\Local\\Programs\\Python\\Python313\\Lib\\site-packages\\allure_commons\\_allure.py\", line 231, in __call__\n    return self._fixture_function(*args, **kwargs)\n           ~~~~~~~~~~~~~~~~~~~~~~^^^^^^^^^^^^^^^^^\n  File \"C:\\Users\\Hp\\AppData\\Local\\Programs\\Python\\Python313\\Lib\\site-packages\\_pytest\\fixtures.py\", line 938, in _teardown_yield_fixture\n    next(it)\n    ~~~~^^^^\n  File \"F:\\QA_Engineer\\TS_Intership\\Playwright_pytest\\conftest.py\", line 31, in page\n    browser.close()\n    ~~~~~~~~~~~~~^^\n  File \"C:\\Users\\Hp\\AppData\\Local\\Programs\\Python\\Python313\\Lib\\site-packages\\playwright\\sync_api\\_generated.py\", line 14242, in close\n    return mapping.from_maybe_impl(self._sync(self._impl_obj.close(reason=reason)))\n                                   ~~~~~~~~~~^^^^^^^^^^^^^^^^^^^^^^^^^^^^^^^^^^^^^\n  File \"C:\\Users\\Hp\\AppData\\Local\\Programs\\Python\\Python313\\Lib\\site-packages\\playwright\\_impl\\_sync_base.py\", line 113, in _sync\n    self._dispatcher_fiber.switch()\n    ~~~~~~~~~~~~~~~~~~~~~~~~~~~~~^^\n  File \"C:\\Users\\Hp\\AppData\\Local\\Programs\\Python\\Python313\\Lib\\site-packages\\playwright\\sync_api\\_context_manager.py\", line 56, in greenlet_main\n    self._loop.run_until_complete(self._connection.run_as_sync())\n    ~~~~~~~~~~~~~~~~~~~~~~~~~~~~~^^^^^^^^^^^^^^^^^^^^^^^^^^^^^^^^\n  File \"C:\\Users\\Hp\\AppData\\Local\\Programs\\Python\\Python313\\Lib\\asyncio\\base_events.py\", line 712, in run_until_complete\n    self.run_forever()\n    ~~~~~~~~~~~~~~~~^^\n  File \"C:\\Users\\Hp\\AppData\\Local\\Programs\\Python\\Python313\\Lib\\asyncio\\base_events.py\", line 683, in run_forever\n    self._run_once()\n    ~~~~~~~~~~~~~~^^\n  File \"C:\\Users\\Hp\\AppData\\Local\\Programs\\Python\\Python313\\Lib\\asyncio\\base_events.py\", line 2004, in _run_once\n    event_list = self._selector.select(timeout)\n  File \"C:\\Users\\Hp\\AppData\\Local\\Programs\\Python\\Python313\\Lib\\asyncio\\windows_events.py\", line 446, in select\n    self._poll(timeout)\n    ~~~~~~~~~~^^^^^^^^^\n  File \"C:\\Users\\Hp\\AppData\\Local\\Programs\\Python\\Python313\\Lib\\asyncio\\windows_events.py\", line 775, in _poll\n    status = _overlapped.GetQueuedCompletionStatus(self._iocp, ms)\n","steps":[],"attachments":[],"parameters":[],"shouldDisplayMessage":true,"stepsCount":0,"attachmentsCount":0,"hasContent":true,"attachmentStep":false}],"labels":[{"name":"parentSuite","value":"tests"},{"name":"suite","value":"test_checkout_flow"},{"name":"host","value":"DESKTOP-BTCJ9P6"},{"name":"thread","value":"3040-MainThread"},{"name":"framework","value":"pytest"},{"name":"language","value":"cpython3"},{"name":"package","value":"tests.test_checkout_flow"},{"name":"resultFormat","value":"allure2"}],"parameters":[],"links":[],"hidden":true,"retry":true,"extra":{"categories":[],"tags":[]},"source":"b51761561954fd09.json","parameterValues":[]}