{"uid":"db41388368dd69af","name":"Test Case 3: Login with invalid credentials","fullName":"tests.test_auth#test_login_invalid","historyId":"494a7ce316449c9421660709f5a48c29","time":{"start":1752404087103,"stop":1752404096075,"duration":8972},"status":"failed","statusMessage":"AssertionError: Locator expected to be visible\nActual value: <element(s) not found> \nCall log:\n  - Expect \"to_be_visible\" with timeout 5000ms\n  - waiting for locator(\"div.slider\")","statusTrace":"browser = <Page url='https://automationexercise.com/'>\n\n    @allure.title(\"Test Case 3: Login with invalid credentials\")\n    def test_login_invalid(browser):\n        home = HomePage(browser)\n        login = LoginPage(browser)\n    \n        home.go_to()\n>       home.verify_home_visible()\n\ntests\\test_auth.py:29: \n_ _ _ _ _ _ _ _ _ _ _ _ _ _ _ _ _ _ _ _ _ _ _ _ _ _ _ _ _ _ _ _ _ _ _ _ _ _ _ _ _ _ _ _ _ _ _ _ _ _ _ _ _ _ _ _ _ _ _ _ _ _ _ _ _ _ _ _ _ _ _ _ _ _ _ _ _ _ _ _ _ _ _ _ _\n\nself = <pages.home_page.HomePage object at 0x0000019DDC350690>\n\n    @allure.step(\"Перевірити, що головна сторінка завантажена\")\n    def verify_home_visible(self):\n>       expect(self.page.locator(\"div.slider\")).to_be_visible()\nE       AssertionError: Locator expected to be visible\nE       Actual value: <element(s) not found> \nE       Call log:\nE         - Expect \"to_be_visible\" with timeout 5000ms\nE         - waiting for locator(\"div.slider\")\n\npages\\home_page.py:14: AssertionError","flaky":false,"newFailed":false,"newBroken":false,"newPassed":false,"retriesCount":0,"retriesStatusChange":false,"beforeStages":[{"name":"_verify_url","time":{"start":1752404070210,"stop":1752404070210,"duration":0},"status":"passed","steps":[],"attachments":[],"parameters":[],"shouldDisplayMessage":false,"stepsCount":0,"attachmentsCount":0,"hasContent":false,"attachmentStep":false},{"name":"pytestconfig","time":{"start":1752404070210,"stop":1752404070210,"duration":0},"status":"passed","steps":[],"attachments":[],"parameters":[],"shouldDisplayMessage":false,"stepsCount":0,"attachmentsCount":0,"hasContent":false,"attachmentStep":false},{"name":"delete_output_dir","time":{"start":1752404070210,"stop":1752404070210,"duration":0},"status":"passed","steps":[],"attachments":[],"parameters":[],"shouldDisplayMessage":false,"stepsCount":0,"attachmentsCount":0,"hasContent":false,"attachmentStep":false},{"name":"playwright_instance","time":{"start":1752404070210,"stop":1752404072357,"duration":2147},"status":"passed","steps":[],"attachments":[],"parameters":[],"shouldDisplayMessage":false,"stepsCount":0,"attachmentsCount":0,"hasContent":false,"attachmentStep":false},{"name":"base_url","time":{"start":1752404070210,"stop":1752404070210,"duration":0},"status":"passed","steps":[],"attachments":[],"parameters":[],"shouldDisplayMessage":false,"stepsCount":0,"attachmentsCount":0,"hasContent":false,"attachmentStep":false},{"name":"browser","time":{"start":1752404086669,"stop":1752404087102,"duration":433},"status":"passed","steps":[],"attachments":[],"parameters":[],"shouldDisplayMessage":false,"stepsCount":0,"attachmentsCount":0,"hasContent":false,"attachmentStep":false}],"testStage":{"status":"failed","statusMessage":"AssertionError: Locator expected to be visible\nActual value: <element(s) not found> \nCall log:\n  - Expect \"to_be_visible\" with timeout 5000ms\n  - waiting for locator(\"div.slider\")","statusTrace":"browser = <Page url='https://automationexercise.com/'>\n\n    @allure.title(\"Test Case 3: Login with invalid credentials\")\n    def test_login_invalid(browser):\n        home = HomePage(browser)\n        login = LoginPage(browser)\n    \n        home.go_to()\n>       home.verify_home_visible()\n\ntests\\test_auth.py:29: \n_ _ _ _ _ _ _ _ _ _ _ _ _ _ _ _ _ _ _ _ _ _ _ _ _ _ _ _ _ _ _ _ _ _ _ _ _ _ _ _ _ _ _ _ _ _ _ _ _ _ _ _ _ _ _ _ _ _ _ _ _ _ _ _ _ _ _ _ _ _ _ _ _ _ _ _ _ _ _ _ _ _ _ _ _\n\nself = <pages.home_page.HomePage object at 0x0000019DDC350690>\n\n    @allure.step(\"Перевірити, що головна сторінка завантажена\")\n    def verify_home_visible(self):\n>       expect(self.page.locator(\"div.slider\")).to_be_visible()\nE       AssertionError: Locator expected to be visible\nE       Actual value: <element(s) not found> \nE       Call log:\nE         - Expect \"to_be_visible\" with timeout 5000ms\nE         - waiting for locator(\"div.slider\")\n\npages\\home_page.py:14: AssertionError","steps":[{"name":"Перейти на головну сторінку","time":{"start":1752404087103,"stop":1752404091056,"duration":3953},"status":"passed","steps":[],"attachments":[],"parameters":[],"shouldDisplayMessage":false,"stepsCount":0,"attachmentsCount":0,"hasContent":false,"attachmentStep":false},{"name":"Перевірити, що головна сторінка завантажена","time":{"start":1752404091056,"stop":1752404096072,"duration":5016},"status":"failed","statusMessage":"AssertionError: Locator expected to be visible\nActual value: <element(s) not found> \nCall log:\n  - Expect \"to_be_visible\" with timeout 5000ms\n  - waiting for locator(\"div.slider\")\n\n","statusTrace":"  File \"C:\\Users\\Hp\\AppData\\Local\\Programs\\Python\\Python313\\Lib\\site-packages\\allure_commons\\_allure.py\", line 202, in impl\n    return func(*a, **kw)\n  File \"F:\\QA_Engineer\\TS_Intership\\Playwright_pytest\\pages\\home_page.py\", line 14, in verify_home_visible\n    expect(self.page.locator(\"div.slider\")).to_be_visible()\n    ~~~~~~~~~~~~~~~~~~~~~~~~~~~~~~~~~~~~~~~~~~~~~~~~~~~~~^^\n  File \"C:\\Users\\Hp\\AppData\\Local\\Programs\\Python\\Python313\\Lib\\site-packages\\playwright\\sync_api\\_generated.py\", line 20382, in to_be_visible\n    self._sync(self._impl_obj.to_be_visible(visible=visible, timeout=timeout))\n    ~~~~~~~~~~^^^^^^^^^^^^^^^^^^^^^^^^^^^^^^^^^^^^^^^^^^^^^^^^^^^^^^^^^^^^^^^^\n  File \"C:\\Users\\Hp\\AppData\\Local\\Programs\\Python\\Python313\\Lib\\site-packages\\playwright\\_impl\\_sync_base.py\", line 115, in _sync\n    return task.result()\n           ~~~~~~~~~~~^^\n  File \"C:\\Users\\Hp\\AppData\\Local\\Programs\\Python\\Python313\\Lib\\site-packages\\playwright\\_impl\\_assertions.py\", line 741, in to_be_visible\n    await self._expect_impl(\n    ...<5 lines>...\n    )\n  File \"C:\\Users\\Hp\\AppData\\Local\\Programs\\Python\\Python313\\Lib\\site-packages\\playwright\\_impl\\_assertions.py\", line 75, in _expect_impl\n    raise AssertionError(\n        f\"{out_message}\\nActual value: {actual} {format_call_log(result.get('log'))}\"\n    )\n","steps":[],"attachments":[],"parameters":[],"shouldDisplayMessage":true,"stepsCount":0,"attachmentsCount":0,"hasContent":true,"attachmentStep":false}],"attachments":[],"parameters":[],"shouldDisplayMessage":true,"stepsCount":2,"attachmentsCount":0,"hasContent":true,"attachmentStep":false},"afterStages":[{"name":"browser::0","time":{"start":1752404096083,"stop":1752404096234,"duration":151},"status":"passed","steps":[],"attachments":[],"parameters":[],"shouldDisplayMessage":false,"stepsCount":0,"attachmentsCount":0,"hasContent":false,"attachmentStep":false},{"name":"playwright_instance::0","time":{"start":1752404096273,"stop":1752404096293,"duration":20},"status":"passed","steps":[],"attachments":[],"parameters":[],"shouldDisplayMessage":false,"stepsCount":0,"attachmentsCount":0,"hasContent":false,"attachmentStep":false}],"labels":[{"name":"parentSuite","value":"tests"},{"name":"suite","value":"test_auth"},{"name":"host","value":"DESKTOP-BTCJ9P6"},{"name":"thread","value":"7340-MainThread"},{"name":"framework","value":"pytest"},{"name":"language","value":"cpython3"},{"name":"package","value":"tests.test_auth"},{"name":"resultFormat","value":"allure2"}],"parameters":[],"links":[],"hidden":true,"retry":true,"extra":{"categories":[],"tags":[]},"source":"db41388368dd69af.json","parameterValues":[]}