{"uid":"e1b5b147e5fdeeb1","name":"test_contact_us_form","fullName":"tests.test_contact_form#test_contact_us_form","historyId":"4b4df43f5da72d321823bc139765303a","time":{"start":1752508544404,"stop":1752508552677,"duration":8273},"status":"failed","statusMessage":"AssertionError: Locator expected to be visible\nActual value: <element(s) not found> \nCall log:\n  - Expect \"to_be_visible\" with timeout 5000ms\n  - waiting for locator(\"text=Success! Your details have been submitted successfully.\")","statusTrace":"page = <Page url='https://automationexercise.com/contact_us'>\n\n    def test_contact_us_form(page):\n        with allure.step(\"Відкриваємо Contact Us\"):\n            page.goto(\"https://automationexercise.com\")\n            page.click(\"text=Contact Us\")\n    \n        with allure.step(\"Перевірка 'GET IN TOUCH'\"):\n            expect(page.locator(\"text=Get In Touch\")).to_be_visible()\n    \n        with allure.step(\"Заповнюємо форму\"):\n            page.fill(\"input[name='name']\", \"TymurTest\")\n            page.fill(\"input[name='email']\", \"tymur@example.com\")\n            page.fill(\"input[name='subject']\", \"Feedback\")\n            page.fill(\"textarea[name='message']\", \"Автоматизоване повідомлення через Playwright.\")\n            page.set_input_files(\"input[name='upload_file']\", \"README.md\")\n    \n        with allure.step(\"Відправляємо форму\"):\n            page.click(\"input[type='submit']\")\n            page.once(\"dialog\", lambda dialog: dialog.accept())\n            page.wait_for_load_state(\"networkidle\")\n    \n        with allure.step(\"Перевірка успішного повідомлення\"):\n>           expect(page.locator(\"text=Success! Your details have been submitted successfully.\")).to_be_visible()\nE           AssertionError: Locator expected to be visible\nE           Actual value: <element(s) not found> \nE           Call log:\nE             - Expect \"to_be_visible\" with timeout 5000ms\nE             - waiting for locator(\"text=Success! Your details have been submitted successfully.\")\n\ntests/test_contact_form.py:25: AssertionError","flaky":false,"newFailed":false,"newBroken":false,"newPassed":false,"retriesCount":0,"retriesStatusChange":false,"beforeStages":[{"name":"_verify_url","time":{"start":1752508352423,"stop":1752508352423,"duration":0},"status":"passed","steps":[],"attachments":[],"parameters":[],"shouldDisplayMessage":false,"stepsCount":0,"attachmentsCount":0,"hasContent":false,"attachmentStep":false},{"name":"base_url","time":{"start":1752508352423,"stop":1752508352423,"duration":0},"status":"passed","steps":[],"attachments":[],"parameters":[],"shouldDisplayMessage":false,"stepsCount":0,"attachmentsCount":0,"hasContent":false,"attachmentStep":false},{"name":"pytestconfig","time":{"start":1752508352423,"stop":1752508352424,"duration":1},"status":"passed","steps":[],"attachments":[],"parameters":[],"shouldDisplayMessage":false,"stepsCount":0,"attachmentsCount":0,"hasContent":false,"attachmentStep":false},{"name":"browser_type","time":{"start":1752508352424,"stop":1752508352424,"duration":0},"status":"passed","steps":[],"attachments":[],"parameters":[],"shouldDisplayMessage":false,"stepsCount":0,"attachmentsCount":0,"hasContent":false,"attachmentStep":false},{"name":"delete_output_dir","time":{"start":1752508352424,"stop":1752508352424,"duration":0},"status":"passed","steps":[],"attachments":[],"parameters":[],"shouldDisplayMessage":false,"stepsCount":0,"attachmentsCount":0,"hasContent":false,"attachmentStep":false},{"name":"page","time":{"start":1752508543987,"stop":1752508544403,"duration":416},"status":"passed","steps":[],"attachments":[],"parameters":[],"shouldDisplayMessage":false,"stepsCount":0,"attachmentsCount":0,"hasContent":false,"attachmentStep":false}],"testStage":{"status":"failed","statusMessage":"AssertionError: Locator expected to be visible\nActual value: <element(s) not found> \nCall log:\n  - Expect \"to_be_visible\" with timeout 5000ms\n  - waiting for locator(\"text=Success! Your details have been submitted successfully.\")","statusTrace":"page = <Page url='https://automationexercise.com/contact_us'>\n\n    def test_contact_us_form(page):\n        with allure.step(\"Відкриваємо Contact Us\"):\n            page.goto(\"https://automationexercise.com\")\n            page.click(\"text=Contact Us\")\n    \n        with allure.step(\"Перевірка 'GET IN TOUCH'\"):\n            expect(page.locator(\"text=Get In Touch\")).to_be_visible()\n    \n        with allure.step(\"Заповнюємо форму\"):\n            page.fill(\"input[name='name']\", \"TymurTest\")\n            page.fill(\"input[name='email']\", \"tymur@example.com\")\n            page.fill(\"input[name='subject']\", \"Feedback\")\n            page.fill(\"textarea[name='message']\", \"Автоматизоване повідомлення через Playwright.\")\n            page.set_input_files(\"input[name='upload_file']\", \"README.md\")\n    \n        with allure.step(\"Відправляємо форму\"):\n            page.click(\"input[type='submit']\")\n            page.once(\"dialog\", lambda dialog: dialog.accept())\n            page.wait_for_load_state(\"networkidle\")\n    \n        with allure.step(\"Перевірка успішного повідомлення\"):\n>           expect(page.locator(\"text=Success! Your details have been submitted successfully.\")).to_be_visible()\nE           AssertionError: Locator expected to be visible\nE           Actual value: <element(s) not found> \nE           Call log:\nE             - Expect \"to_be_visible\" with timeout 5000ms\nE             - waiting for locator(\"text=Success! Your details have been submitted successfully.\")\n\ntests/test_contact_form.py:25: AssertionError","steps":[{"name":"Відкриваємо Contact Us","time":{"start":1752508544404,"stop":1752508545890,"duration":1486},"status":"passed","steps":[],"attachments":[],"parameters":[],"shouldDisplayMessage":false,"stepsCount":0,"attachmentsCount":0,"hasContent":false,"attachmentStep":false},{"name":"Перевірка 'GET IN TOUCH'","time":{"start":1752508545890,"stop":1752508545955,"duration":65},"status":"passed","steps":[],"attachments":[],"parameters":[],"shouldDisplayMessage":false,"stepsCount":0,"attachmentsCount":0,"hasContent":false,"attachmentStep":false},{"name":"Заповнюємо форму","time":{"start":1752508545955,"stop":1752508546060,"duration":105},"status":"passed","steps":[],"attachments":[],"parameters":[],"shouldDisplayMessage":false,"stepsCount":0,"attachmentsCount":0,"hasContent":false,"attachmentStep":false},{"name":"Відправляємо форму","time":{"start":1752508546060,"stop":1752508547674,"duration":1614},"status":"passed","steps":[],"attachments":[],"parameters":[],"shouldDisplayMessage":false,"stepsCount":0,"attachmentsCount":0,"hasContent":false,"attachmentStep":false},{"name":"Перевірка успішного повідомлення","time":{"start":1752508547674,"stop":1752508552676,"duration":5002},"status":"failed","statusMessage":"AssertionError: Locator expected to be visible\nActual value: <element(s) not found> \nCall log:\n  - Expect \"to_be_visible\" with timeout 5000ms\n  - waiting for locator(\"text=Success! Your details have been submitted successfully.\")\n\n","statusTrace":"  File \"/home/runner/work/Playwright_pytest/Playwright_pytest/tests/test_contact_form.py\", line 25, in test_contact_us_form\n    expect(page.locator(\"text=Success! Your details have been submitted successfully.\")).to_be_visible()\n  File \"/opt/hostedtoolcache/Python/3.11.13/x64/lib/python3.11/site-packages/playwright/sync_api/_generated.py\", line 20382, in to_be_visible\n    self._sync(self._impl_obj.to_be_visible(visible=visible, timeout=timeout))\n  File \"/opt/hostedtoolcache/Python/3.11.13/x64/lib/python3.11/site-packages/playwright/_impl/_sync_base.py\", line 115, in _sync\n    return task.result()\n           ^^^^^^^^^^^^^\n  File \"/opt/hostedtoolcache/Python/3.11.13/x64/lib/python3.11/site-packages/playwright/_impl/_assertions.py\", line 741, in to_be_visible\n    await self._expect_impl(\n  File \"/opt/hostedtoolcache/Python/3.11.13/x64/lib/python3.11/site-packages/playwright/_impl/_assertions.py\", line 75, in _expect_impl\n    raise AssertionError(\n","steps":[],"attachments":[],"parameters":[],"shouldDisplayMessage":true,"stepsCount":0,"attachmentsCount":0,"hasContent":true,"attachmentStep":false}],"attachments":[],"parameters":[],"shouldDisplayMessage":true,"stepsCount":5,"attachmentsCount":0,"hasContent":true,"attachmentStep":false},"afterStages":[{"name":"page::0","time":{"start":1752508552679,"stop":1752508552731,"duration":52},"status":"passed","steps":[],"attachments":[],"parameters":[],"shouldDisplayMessage":false,"stepsCount":0,"attachmentsCount":0,"hasContent":false,"attachmentStep":false}],"labels":[{"name":"parentSuite","value":"tests"},{"name":"suite","value":"test_contact_form"},{"name":"host","value":"pkrvmq0rgcvqdmg"},{"name":"thread","value":"5815-MainThread"},{"name":"framework","value":"pytest"},{"name":"language","value":"cpython3"},{"name":"package","value":"tests.test_contact_form"},{"name":"resultFormat","value":"allure2"}],"parameters":[],"links":[],"hidden":false,"retry":false,"extra":{"severity":"normal","retries":[],"categories":[{"name":"Product defects","matchedStatuses":[]}],"tags":[]},"source":"e1b5b147e5fdeeb1.json","parameterValues":[]}